2019/04/15-19:39 [restartedMain] INFO  com.sunxiaoning.xiaoyuanfuwu.XiaoyuanfuwuApplication- Starting XiaoyuanfuwuApplication on DESKTOP-B63GOT5 with PID 4508 (F:\xiaoyuanfuwu\api\target\classes started by sunxiaoning in F:\xiaoyuanfuwu\api)
2019/04/15-19:39 [restartedMain] INFO  com.sunxiaoning.xiaoyuanfuwu.XiaoyuanfuwuApplication- No active profile set, falling back to default profiles: default
2019/04/15-19:39 [restartedMain] INFO  org.springframework.boot.web.servlet.context.AnnotationConfigServletWebServerApplicationContext- Refreshing org.springframework.boot.web.servlet.context.AnnotationConfigServletWebServerApplicationContext@21134d51: startup date [Mon Apr 15 19:39:59 CST 2019]; root of context hierarchy
2019/04/15-19:40 [restartedMain] INFO  org.springframework.context.support.PostProcessorRegistrationDelegate$BeanPostProcessorChecker- Bean 'org.springframework.transaction.annotation.ProxyTransactionManagementConfiguration' of type [org.springframework.transaction.annotation.ProxyTransactionManagementConfiguration$$EnhancerBySpringCGLIB$$7f831f9a] is not eligible for getting processed by all BeanPostProcessors (for example: not eligible for auto-proxying)
2019/04/15-19:40 [restartedMain] INFO  org.springframework.boot.web.embedded.tomcat.TomcatWebServer- Tomcat initialized with port(s): 8090 (http)
2019/04/15-19:40 [restartedMain] INFO  org.apache.catalina.core.StandardService- Starting service [Tomcat]
2019/04/15-19:40 [restartedMain] INFO  org.apache.catalina.core.StandardEngine- Starting Servlet Engine: Apache Tomcat/8.5.32
2019/04/15-19:40 [localhost-startStop-1] INFO  org.apache.catalina.core.AprLifecycleListener- The APR based Apache Tomcat Native library which allows optimal performance in production environments was not found on the java.library.path: [C:\Program Files\Java\jdk1.8.0_191\bin;C:\Windows\Sun\Java\bin;C:\Windows\system32;C:\Windows;C:\Program Files (x86)\Common Files\Oracle\Java\javapath;C:\Windows\system32;C:\Windows;C:\Windows\System32\Wbem;C:\Windows\System32\WindowsPowerShell\v1.0\;C:\Windows\System32\OpenSSH\;C:\Program Files\nodejs\;C:\Program Files\Java\jdk1.8.0_191\bin;C:\Program Files\Java\jdk1.8.0_191\jre\bin;C:\Program Files\Git\cmd;D:\android\sdk\platform-tools;C:\Program Files\TortoiseSVN\bin;D:\apache-maven-3.5.0\bin;C:\Users\sunxiaoning\AppData\Local\Microsoft\WindowsApps;C:\Users\sunxiaoning\AppData\Roaming\npm;D:\IntelliJ IDEA 2018.3.5\bin;;D:\WebStorm 2018.3.5\bin;;.]
2019/04/15-19:40 [localhost-startStop-1] INFO  org.apache.catalina.core.ContainerBase.[Tomcat].[localhost].[/]- Initializing Spring embedded WebApplicationContext
2019/04/15-19:40 [localhost-startStop-1] INFO  org.springframework.web.context.ContextLoader- Root WebApplicationContext: initialization completed in 5449 ms
2019/04/15-19:40 [localhost-startStop-1] INFO  org.springframework.boot.web.servlet.ServletRegistrationBean- Servlet dispatcherServlet mapped to [/]
2019/04/15-19:40 [localhost-startStop-1] INFO  org.springframework.boot.web.servlet.FilterRegistrationBean- Mapping filter: 'characterEncodingFilter' to: [/*]
2019/04/15-19:40 [restartedMain] INFO  org.springframework.web.servlet.mvc.method.annotation.RequestMappingHandlerMapping- Mapped "{[/api/account/register],methods=[POST]}" onto public com.sunxiaoning.xiaoyuanfuwu.common.model.APIResponse com.sunxiaoning.xiaoyuanfuwu.api.controller.Account.register(java.lang.String,java.lang.String,java.lang.String,java.lang.String,java.lang.String)
2019/04/15-19:40 [restartedMain] INFO  org.springframework.web.servlet.mvc.method.annotation.RequestMappingHandlerMapping- Mapped "{[/api/account/login],methods=[POST]}" onto public com.sunxiaoning.xiaoyuanfuwu.common.model.APIResponse com.sunxiaoning.xiaoyuanfuwu.api.controller.Account.login(java.lang.String,java.lang.String)
2019/04/15-19:40 [restartedMain] INFO  org.springframework.web.servlet.mvc.method.annotation.RequestMappingHandlerMapping- Mapped "{[/api/goodsmessage/comment],methods=[POST]}" onto public com.sunxiaoning.xiaoyuanfuwu.common.model.APIResponse com.sunxiaoning.xiaoyuanfuwu.api.controller.GoodsMessage.register(java.lang.String,java.lang.String,java.lang.String,java.lang.String)
2019/04/15-19:40 [restartedMain] INFO  org.springframework.web.servlet.mvc.method.annotation.RequestMappingHandlerMapping- Mapped "{[/api/goodsmessage/addgoods],methods=[POST]}" onto public com.sunxiaoning.xiaoyuanfuwu.common.model.APIResponse com.sunxiaoning.xiaoyuanfuwu.api.controller.GoodsMessage.exitusermessage(java.lang.String,java.lang.String,java.lang.String,java.lang.String,java.lang.String,java.lang.Integer,java.lang.String,java.lang.String,java.lang.String)
2019/04/15-19:40 [restartedMain] INFO  org.springframework.web.servlet.mvc.method.annotation.RequestMappingHandlerMapping- Mapped "{[/api/goodsmessage/goodslist],methods=[POST]}" onto public com.sunxiaoning.xiaoyuanfuwu.common.model.APIResponse com.sunxiaoning.xiaoyuanfuwu.api.controller.GoodsMessage.goodslist(java.lang.String)
2019/04/15-19:40 [restartedMain] INFO  org.springframework.web.servlet.mvc.method.annotation.RequestMappingHandlerMapping- Mapped "{[/api/goodsmessage/undercarriage],methods=[POST]}" onto public com.sunxiaoning.xiaoyuanfuwu.common.model.APIResponse com.sunxiaoning.xiaoyuanfuwu.api.controller.GoodsMessage.undercarriage(java.lang.String,java.lang.String)
2019/04/15-19:40 [restartedMain] INFO  org.springframework.web.servlet.mvc.method.annotation.RequestMappingHandlerMapping- Mapped "{[/api/goodsmessage/collectlist],methods=[POST]}" onto public com.sunxiaoning.xiaoyuanfuwu.common.model.APIResponse com.sunxiaoning.xiaoyuanfuwu.api.controller.GoodsMessage.collectList(java.lang.String)
2019/04/15-19:40 [restartedMain] INFO  org.springframework.web.servlet.mvc.method.annotation.RequestMappingHandlerMapping- Mapped "{[/api/goodsmessage/shoppingcartlist],methods=[POST]}" onto public com.sunxiaoning.xiaoyuanfuwu.common.model.APIResponse com.sunxiaoning.xiaoyuanfuwu.api.controller.GoodsMessage.shoppingcartList(java.lang.String)
2019/04/15-19:40 [restartedMain] INFO  org.springframework.web.servlet.mvc.method.annotation.RequestMappingHandlerMapping- Mapped "{[/api/goodsmessage/delshoppingcart],methods=[POST]}" onto public com.sunxiaoning.xiaoyuanfuwu.common.model.APIResponse com.sunxiaoning.xiaoyuanfuwu.api.controller.GoodsMessage.delShoppingcart(java.lang.String,java.lang.String)
2019/04/15-19:40 [restartedMain] INFO  org.springframework.web.servlet.mvc.method.annotation.RequestMappingHandlerMapping- Mapped "{[/api/goodsmessage/goodsmessage],methods=[POST]}" onto public com.sunxiaoning.xiaoyuanfuwu.common.model.APIResponse com.sunxiaoning.xiaoyuanfuwu.api.controller.GoodsMessage.goodsmessage(java.lang.String)
2019/04/15-19:40 [restartedMain] INFO  org.springframework.web.servlet.mvc.method.annotation.RequestMappingHandlerMapping- Mapped "{[/api/goodsmessage/addcollect],methods=[POST]}" onto public com.sunxiaoning.xiaoyuanfuwu.common.model.APIResponse com.sunxiaoning.xiaoyuanfuwu.api.controller.GoodsMessage.addCollect(java.lang.String,java.lang.String)
2019/04/15-19:40 [restartedMain] INFO  org.springframework.web.servlet.mvc.method.annotation.RequestMappingHandlerMapping- Mapped "{[/api/goodsmessage/delcollect],methods=[POST]}" onto public com.sunxiaoning.xiaoyuanfuwu.common.model.APIResponse com.sunxiaoning.xiaoyuanfuwu.api.controller.GoodsMessage.delCollect(java.lang.String,java.lang.String)
2019/04/15-19:40 [restartedMain] INFO  org.springframework.web.servlet.mvc.method.annotation.RequestMappingHandlerMapping- Mapped "{[/api/goodsmessage/updategoods],methods=[POST]}" onto public com.sunxiaoning.xiaoyuanfuwu.common.model.APIResponse com.sunxiaoning.xiaoyuanfuwu.api.controller.GoodsMessage.updateGoods(java.lang.String,java.lang.String,java.lang.String,java.lang.String,java.lang.String,java.lang.String,java.lang.Integer,java.lang.String,java.lang.String,java.lang.String)
2019/04/15-19:40 [restartedMain] INFO  org.springframework.web.servlet.mvc.method.annotation.RequestMappingHandlerMapping- Mapped "{[/api/goodsmessage/addshoppingcart],methods=[POST]}" onto public com.sunxiaoning.xiaoyuanfuwu.common.model.APIResponse com.sunxiaoning.xiaoyuanfuwu.api.controller.GoodsMessage.addShoppingcart(java.lang.String,java.lang.String)
2019/04/15-19:40 [restartedMain] INFO  org.springframework.web.servlet.mvc.method.annotation.RequestMappingHandlerMapping- Mapped "{[/api/order/addorder],methods=[POST]}" onto public com.sunxiaoning.xiaoyuanfuwu.common.model.APIResponse com.sunxiaoning.xiaoyuanfuwu.api.controller.Order.addOrder(java.lang.String,java.lang.String,java.lang.String,java.lang.String,java.lang.String,java.lang.String,java.lang.String,java.lang.String,java.lang.String,java.lang.String)
2019/04/15-19:40 [restartedMain] INFO  org.springframework.web.servlet.mvc.method.annotation.RequestMappingHandlerMapping- Mapped "{[/api/order/updateorderstatus],methods=[POST]}" onto public com.sunxiaoning.xiaoyuanfuwu.common.model.APIResponse com.sunxiaoning.xiaoyuanfuwu.api.controller.Order.updateOrderStatus(java.lang.String,java.lang.String,java.lang.String)
2019/04/15-19:40 [restartedMain] INFO  org.springframework.web.servlet.mvc.method.annotation.RequestMappingHandlerMapping- Mapped "{[/api/usermessage/exitusermessage],methods=[POST]}" onto public com.sunxiaoning.xiaoyuanfuwu.common.model.APIResponse com.sunxiaoning.xiaoyuanfuwu.api.controller.UserMessage.exitusermessage(java.lang.String,java.lang.String,java.lang.String,java.lang.String)
2019/04/15-19:40 [restartedMain] INFO  org.springframework.web.servlet.mvc.method.annotation.RequestMappingHandlerMapping- Mapped "{[/api/usermessage/exitpassword],methods=[POST]}" onto public com.sunxiaoning.xiaoyuanfuwu.common.model.APIResponse com.sunxiaoning.xiaoyuanfuwu.api.controller.UserMessage.exitpassword(java.lang.String,java.lang.String,java.lang.String)
2019/04/15-19:40 [restartedMain] INFO  org.springframework.web.servlet.mvc.method.annotation.RequestMappingHandlerMapping- Mapped "{[/api/usermessage/seladdress],methods=[POST]}" onto public com.sunxiaoning.xiaoyuanfuwu.common.model.APIResponse com.sunxiaoning.xiaoyuanfuwu.api.controller.UserMessage.selAddress(java.lang.String)
2019/04/15-19:40 [restartedMain] INFO  org.springframework.web.servlet.mvc.method.annotation.RequestMappingHandlerMapping- Mapped "{[/api/usermessage/deleteaddress],methods=[POST]}" onto public com.sunxiaoning.xiaoyuanfuwu.common.model.APIResponse com.sunxiaoning.xiaoyuanfuwu.api.controller.UserMessage.deleteAddress(java.lang.String,java.lang.String)
2019/04/15-19:40 [restartedMain] INFO  org.springframework.web.servlet.mvc.method.annotation.RequestMappingHandlerMapping- Mapped "{[/api/usermessage/updateaddress],methods=[POST]}" onto public com.sunxiaoning.xiaoyuanfuwu.common.model.APIResponse com.sunxiaoning.xiaoyuanfuwu.api.controller.UserMessage.updateAddress(java.lang.String,java.lang.String,java.lang.String,java.lang.String,java.lang.String,java.lang.String,java.lang.String,java.lang.String)
2019/04/15-19:40 [restartedMain] INFO  org.springframework.web.servlet.mvc.method.annotation.RequestMappingHandlerMapping- Mapped "{[/api/usermessage/addaddress],methods=[POST]}" onto public com.sunxiaoning.xiaoyuanfuwu.common.model.APIResponse com.sunxiaoning.xiaoyuanfuwu.api.controller.UserMessage.addAddress(java.lang.String,java.lang.String,java.lang.String,java.lang.String,java.lang.String,java.lang.String,java.lang.String)
2019/04/15-19:40 [restartedMain] INFO  org.springframework.web.servlet.mvc.method.annotation.RequestMappingHandlerMapping- Mapped "{[/api/usermessage/updateaddressstate],methods=[POST]}" onto public com.sunxiaoning.xiaoyuanfuwu.common.model.APIResponse com.sunxiaoning.xiaoyuanfuwu.api.controller.UserMessage.updateAddressState(java.lang.String,java.lang.String)
2019/04/15-19:40 [restartedMain] INFO  org.springframework.web.servlet.mvc.method.annotation.RequestMappingHandlerMapping- Mapped "{[/api/work/addwork],methods=[POST]}" onto public com.sunxiaoning.xiaoyuanfuwu.common.model.APIResponse com.sunxiaoning.xiaoyuanfuwu.api.controller.Work.addWork(java.lang.String,java.lang.String,java.lang.String,java.lang.String,java.lang.String,java.lang.String,java.lang.String,java.lang.String,java.lang.String,java.lang.String,java.lang.String,java.lang.String)
2019/04/15-19:40 [restartedMain] INFO  org.springframework.web.servlet.mvc.method.annotation.RequestMappingHandlerMapping- Mapped "{[/common/error],methods=[GET]}" onto public com.sunxiaoning.xiaoyuanfuwu.common.model.APIResponse com.sunxiaoning.xiaoyuanfuwu.common.controller.ErrorController.handleAuthError()
2019/04/15-19:40 [restartedMain] INFO  org.springframework.web.servlet.mvc.method.annotation.RequestMappingHandlerMapping- Mapped "{[/swagger-resources]}" onto public org.springframework.http.ResponseEntity<java.util.List<springfox.documentation.swagger.web.SwaggerResource>> springfox.documentation.swagger.web.ApiResourceController.swaggerResources()
2019/04/15-19:40 [restartedMain] INFO  org.springframework.web.servlet.mvc.method.annotation.RequestMappingHandlerMapping- Mapped "{[/swagger-resources/configuration/ui]}" onto public org.springframework.http.ResponseEntity<springfox.documentation.swagger.web.UiConfiguration> springfox.documentation.swagger.web.ApiResourceController.uiConfiguration()
2019/04/15-19:40 [restartedMain] INFO  org.springframework.web.servlet.mvc.method.annotation.RequestMappingHandlerMapping- Mapped "{[/swagger-resources/configuration/security]}" onto public org.springframework.http.ResponseEntity<springfox.documentation.swagger.web.SecurityConfiguration> springfox.documentation.swagger.web.ApiResourceController.securityConfiguration()
2019/04/15-19:40 [restartedMain] INFO  org.springframework.web.servlet.mvc.method.annotation.RequestMappingHandlerMapping- Mapped "{[/error]}" onto public org.springframework.http.ResponseEntity<java.util.Map<java.lang.String, java.lang.Object>> org.springframework.boot.autoconfigure.web.servlet.error.BasicErrorController.error(javax.servlet.http.HttpServletRequest)
2019/04/15-19:40 [restartedMain] INFO  org.springframework.web.servlet.mvc.method.annotation.RequestMappingHandlerMapping- Mapped "{[/error],produces=[text/html]}" onto public org.springframework.web.servlet.ModelAndView org.springframework.boot.autoconfigure.web.servlet.error.BasicErrorController.errorHtml(javax.servlet.http.HttpServletRequest,javax.servlet.http.HttpServletResponse)
2019/04/15-19:40 [restartedMain] INFO  springfox.documentation.spring.web.PropertySourcedRequestMappingHandlerMapping- Mapped URL path [/v2/api-docs] onto method [public org.springframework.http.ResponseEntity<springfox.documentation.spring.web.json.Json> springfox.documentation.swagger2.web.Swagger2Controller.getDocumentation(java.lang.String,javax.servlet.http.HttpServletRequest)]
2019/04/15-19:40 [restartedMain] INFO  org.springframework.web.servlet.handler.SimpleUrlHandlerMapping- Mapped URL path [/swagger-ui.html] onto handler of type [class org.springframework.web.servlet.resource.ResourceHttpRequestHandler]
2019/04/15-19:40 [restartedMain] INFO  org.springframework.web.servlet.handler.SimpleUrlHandlerMapping- Mapped URL path [/webjars/**] onto handler of type [class org.springframework.web.servlet.resource.ResourceHttpRequestHandler]
2019/04/15-19:40 [restartedMain] INFO  org.springframework.web.servlet.handler.SimpleUrlHandlerMapping- Mapped URL path [/image/**] onto handler of type [class org.springframework.web.servlet.resource.ResourceHttpRequestHandler]
2019/04/15-19:40 [restartedMain] INFO  org.springframework.web.servlet.handler.SimpleUrlHandlerMapping- Mapped URL path [/app/**] onto handler of type [class org.springframework.web.servlet.resource.ResourceHttpRequestHandler]
2019/04/15-19:40 [restartedMain] INFO  org.springframework.web.servlet.mvc.method.annotation.RequestMappingHandlerAdapter- Looking for @ControllerAdvice: org.springframework.boot.web.servlet.context.AnnotationConfigServletWebServerApplicationContext@21134d51: startup date [Mon Apr 15 19:39:59 CST 2019]; root of context hierarchy
2019/04/15-19:40 [restartedMain] INFO  org.springframework.boot.devtools.autoconfigure.OptionalLiveReloadServer- LiveReload server is running on port 35729
2019/04/15-19:40 [restartedMain] INFO  org.springframework.jmx.export.annotation.AnnotationMBeanExporter- Registering beans for JMX exposure on startup
2019/04/15-19:40 [restartedMain] INFO  org.springframework.jmx.export.annotation.AnnotationMBeanExporter- Bean with name 'dataSource' has been autodetected for JMX exposure
2019/04/15-19:40 [restartedMain] INFO  org.springframework.jmx.export.annotation.AnnotationMBeanExporter- Located MBean 'dataSource': registering with JMX server as MBean [com.zaxxer.hikari:name=dataSource,type=HikariDataSource]
2019/04/15-19:40 [restartedMain] INFO  org.springframework.context.support.DefaultLifecycleProcessor- Starting beans in phase 2147483647
2019/04/15-19:40 [restartedMain] INFO  springfox.documentation.spring.web.plugins.DocumentationPluginsBootstrapper- Context refreshed
2019/04/15-19:40 [restartedMain] INFO  springfox.documentation.spring.web.plugins.DocumentationPluginsBootstrapper- Found 1 custom documentation plugin(s)
2019/04/15-19:40 [restartedMain] INFO  springfox.documentation.spring.web.scanners.ApiListingReferenceScanner- Scanning for api listing references
2019/04/15-19:40 [restartedMain] INFO  springfox.documentation.spring.web.readers.operation.CachingOperationNameGenerator- Generating unique operation named: registerUsingPOST_1
2019/04/15-19:40 [restartedMain] INFO  springfox.documentation.spring.web.readers.operation.CachingOperationNameGenerator- Generating unique operation named: exitusermessageUsingPOST_1
2019/04/15-19:40 [restartedMain] INFO  org.springframework.boot.web.embedded.tomcat.TomcatWebServer- Tomcat started on port(s): 8090 (http) with context path ''
2019/04/15-19:40 [restartedMain] INFO  com.sunxiaoning.xiaoyuanfuwu.XiaoyuanfuwuApplication- Started XiaoyuanfuwuApplication in 11.344 seconds (JVM running for 16.475)
2019/04/15-19:43 [http-nio-8090-exec-10] INFO  org.apache.catalina.core.ContainerBase.[Tomcat].[localhost].[/]- Initializing Spring FrameworkServlet 'dispatcherServlet'
2019/04/15-19:43 [http-nio-8090-exec-10] INFO  org.springframework.web.servlet.DispatcherServlet- FrameworkServlet 'dispatcherServlet': initialization started
2019/04/15-19:43 [http-nio-8090-exec-10] INFO  org.springframework.web.servlet.DispatcherServlet- FrameworkServlet 'dispatcherServlet': initialization completed in 45 ms
2019/04/15-19:43 [http-nio-8090-exec-10] INFO  com.sunxiaoning.xiaoyuanfuwu.api.controller.GoodsMessage- ================= 查询商品接口 =================
2019/04/15-19:43 [http-nio-8090-exec-10] INFO  com.zaxxer.hikari.HikariDataSource- HikariPool-1 - Starting...
2019/04/15-19:43 [http-nio-8090-exec-10] INFO  com.zaxxer.hikari.HikariDataSource- HikariPool-1 - Start completed.
2019/04/15-19:43 [http-nio-8090-exec-10] DEBUG com.sunxiaoning.xiaoyuanfuwu.api.dao.GoodsMessageDao.selGoods- ==>  Preparing: select g.*,u.username from xyfw_goods g left join xyfw_user u on g.user_id = u.user_id where 1=1 and g.state!=2 
2019/04/15-19:43 [http-nio-8090-exec-10] DEBUG com.sunxiaoning.xiaoyuanfuwu.api.dao.GoodsMessageDao.selGoods- ==> Parameters: 
2019/04/15-19:43 [http-nio-8090-exec-10] DEBUG com.sunxiaoning.xiaoyuanfuwu.api.dao.GoodsMessageDao.selGoods- <==      Total: 8
2019/04/15-19:43 [http-nio-8090-exec-10] INFO  com.sunxiaoning.xiaoyuanfuwu.api.controller.GoodsMessage- 请求结束 :success: =>
2019/04/15-19:43 [http-nio-8090-exec-5] INFO  com.sunxiaoning.xiaoyuanfuwu.api.controller.GoodsMessage- ================= 查询商品详情信息接口 =================
2019/04/15-19:43 [http-nio-8090-exec-5] DEBUG com.sunxiaoning.xiaoyuanfuwu.api.dao.GoodsMessageDao.findGoods- ==>  Preparing: select * from xyfw_goods g left join xyfw_user u on g.user_id = u.user_id where 1=1 and g.goods_id = ? 
2019/04/15-19:43 [http-nio-8090-exec-5] DEBUG com.sunxiaoning.xiaoyuanfuwu.api.dao.GoodsMessageDao.findGoods- ==> Parameters: d8d33f77408f4700b7f674b7402f13ce(String)
2019/04/15-19:43 [http-nio-8090-exec-5] DEBUG com.sunxiaoning.xiaoyuanfuwu.api.dao.GoodsMessageDao.findGoods- <==      Total: 1
2019/04/15-19:43 [http-nio-8090-exec-5] DEBUG com.sunxiaoning.xiaoyuanfuwu.api.dao.GoodsMessageDao.selAssess- ==>  Preparing: select assess_id,content as gacontent,pic as gapic ,assess_time,assess_username from xyfw_goodsassess where 1=1 and goods_id = ? order by assess_time desc 
2019/04/15-19:43 [http-nio-8090-exec-5] DEBUG com.sunxiaoning.xiaoyuanfuwu.api.dao.GoodsMessageDao.selAssess- ==> Parameters: d8d33f77408f4700b7f674b7402f13ce(String)
2019/04/15-19:43 [http-nio-8090-exec-5] DEBUG com.sunxiaoning.xiaoyuanfuwu.api.dao.GoodsMessageDao.selAssess- <==      Total: 2
2019/04/15-19:43 [http-nio-8090-exec-5] INFO  com.sunxiaoning.xiaoyuanfuwu.api.controller.GoodsMessage- 请求结束 :success: =>
2019/04/15-19:46 [http-nio-8090-exec-1] INFO  com.sunxiaoning.xiaoyuanfuwu.api.controller.Account- ================= 登录接口 =================
2019/04/15-19:46 [http-nio-8090-exec-1] DEBUG com.sunxiaoning.xiaoyuanfuwu.api.dao.AccountDao.findUserByAccount- ==>  Preparing: select * from xyfw_user where 1=1 and USERNAME = ? and PASSWORD = ? limit 1 
2019/04/15-19:46 [http-nio-8090-exec-1] DEBUG com.sunxiaoning.xiaoyuanfuwu.api.dao.AccountDao.findUserByAccount- ==> Parameters: sunxiaoning(String), 1ee19467440beeb6f0221a09127274e2832f011a(String)
2019/04/15-19:46 [http-nio-8090-exec-1] DEBUG com.sunxiaoning.xiaoyuanfuwu.api.dao.AccountDao.findUserByAccount- <==      Total: 1
2019/04/15-19:46 [http-nio-8090-exec-1] INFO  com.sunxiaoning.xiaoyuanfuwu.api.controller.Account- 请求结束 :success: =>
2019/04/15-19:46 [http-nio-8090-exec-10] INFO  com.sunxiaoning.xiaoyuanfuwu.api.controller.GoodsMessage- ================= 查询商品接口 =================
2019/04/15-19:46 [http-nio-8090-exec-10] DEBUG com.sunxiaoning.xiaoyuanfuwu.api.dao.GoodsMessageDao.selGoods- ==>  Preparing: select g.*,u.username from xyfw_goods g left join xyfw_user u on g.user_id = u.user_id where 1=1 and g.state!=2 
2019/04/15-19:46 [http-nio-8090-exec-10] DEBUG com.sunxiaoning.xiaoyuanfuwu.api.dao.GoodsMessageDao.selGoods- ==> Parameters: 
2019/04/15-19:46 [http-nio-8090-exec-10] DEBUG com.sunxiaoning.xiaoyuanfuwu.api.dao.GoodsMessageDao.selGoods- <==      Total: 8
2019/04/15-19:46 [http-nio-8090-exec-10] INFO  com.sunxiaoning.xiaoyuanfuwu.api.controller.GoodsMessage- 请求结束 :success: =>
2019/04/15-19:46 [http-nio-8090-exec-9] INFO  com.sunxiaoning.xiaoyuanfuwu.api.controller.GoodsMessage- ================= 收藏列表接口 =================
2019/04/15-19:46 [http-nio-8090-exec-8] INFO  com.sunxiaoning.xiaoyuanfuwu.api.controller.GoodsMessage- ================= 获取购物车列表 =================
2019/04/15-19:46 [http-nio-8090-exec-5] INFO  com.sunxiaoning.xiaoyuanfuwu.api.controller.GoodsMessage- ================= 查询商品详情信息接口 =================
2019/04/15-19:46 [http-nio-8090-exec-5] DEBUG com.sunxiaoning.xiaoyuanfuwu.api.dao.GoodsMessageDao.findGoods- ==>  Preparing: select * from xyfw_goods g left join xyfw_user u on g.user_id = u.user_id where 1=1 and g.goods_id = ? 
2019/04/15-19:46 [http-nio-8090-exec-5] DEBUG com.sunxiaoning.xiaoyuanfuwu.api.dao.GoodsMessageDao.findGoods- ==> Parameters: d8d33f77408f4700b7f674b7402f13ce(String)
2019/04/15-19:46 [http-nio-8090-exec-5] DEBUG com.sunxiaoning.xiaoyuanfuwu.api.dao.GoodsMessageDao.findGoods- <==      Total: 1
2019/04/15-19:46 [http-nio-8090-exec-5] DEBUG com.sunxiaoning.xiaoyuanfuwu.api.dao.GoodsMessageDao.selAssess- ==>  Preparing: select assess_id,content as gacontent,pic as gapic ,assess_time,assess_username from xyfw_goodsassess where 1=1 and goods_id = ? order by assess_time desc 
2019/04/15-19:46 [http-nio-8090-exec-5] DEBUG com.sunxiaoning.xiaoyuanfuwu.api.dao.GoodsMessageDao.selAssess- ==> Parameters: d8d33f77408f4700b7f674b7402f13ce(String)
2019/04/15-19:46 [http-nio-8090-exec-5] DEBUG com.sunxiaoning.xiaoyuanfuwu.api.dao.GoodsMessageDao.selAssess- <==      Total: 2
2019/04/15-19:46 [http-nio-8090-exec-5] INFO  com.sunxiaoning.xiaoyuanfuwu.api.controller.GoodsMessage- 请求结束 :success: =>
2019/04/15-19:46 [http-nio-8090-exec-9] DEBUG com.sunxiaoning.xiaoyuanfuwu.api.dao.GoodsMessageDao.collectListId- ==>  Preparing: select goods_id from xyfw_collect where 1=1 and user_id = ? 
2019/04/15-19:46 [http-nio-8090-exec-8] DEBUG com.sunxiaoning.xiaoyuanfuwu.api.dao.GoodsMessageDao.shoppingcartList- ==>  Preparing: select s.*,g.* from xyfw_shoppingcart s left join xyfw_goods g on s.goods_id = g.goods_id where 1=1 and s.user_id = ? 
2019/04/15-19:46 [http-nio-8090-exec-9] DEBUG com.sunxiaoning.xiaoyuanfuwu.api.dao.GoodsMessageDao.collectListId- ==> Parameters: 01d13ccdf04a4d7aa7cd2b518cefb290(String)
2019/04/15-19:46 [http-nio-8090-exec-8] DEBUG com.sunxiaoning.xiaoyuanfuwu.api.dao.GoodsMessageDao.shoppingcartList- ==> Parameters: 01d13ccdf04a4d7aa7cd2b518cefb290(String)
2019/04/15-19:46 [http-nio-8090-exec-9] DEBUG com.sunxiaoning.xiaoyuanfuwu.api.dao.GoodsMessageDao.collectListId- <==      Total: 3
2019/04/15-19:46 [http-nio-8090-exec-9] INFO  com.sunxiaoning.xiaoyuanfuwu.api.controller.GoodsMessage- 请求结束 :success: =>
2019/04/15-19:46 [http-nio-8090-exec-8] DEBUG com.sunxiaoning.xiaoyuanfuwu.api.dao.GoodsMessageDao.shoppingcartList- <==      Total: 3
2019/04/15-19:46 [http-nio-8090-exec-8] INFO  com.sunxiaoning.xiaoyuanfuwu.api.controller.GoodsMessage- 请求结束 :success: =>
2019/04/15-19:46 [http-nio-8090-exec-7] INFO  com.sunxiaoning.xiaoyuanfuwu.api.controller.UserMessage- ================= 查询该用户的所有地址 =================
2019/04/15-19:46 [http-nio-8090-exec-7] DEBUG com.sunxiaoning.xiaoyuanfuwu.api.dao.ExitUserMassageDao.selAddress- ==>  Preparing: select * from xyfw_useraddress where del!=1 and user_id = ? 
2019/04/15-19:46 [http-nio-8090-exec-7] DEBUG com.sunxiaoning.xiaoyuanfuwu.api.dao.ExitUserMassageDao.selAddress- ==> Parameters: 01d13ccdf04a4d7aa7cd2b518cefb290(String)
2019/04/15-19:46 [http-nio-8090-exec-7] DEBUG com.sunxiaoning.xiaoyuanfuwu.api.dao.ExitUserMassageDao.selAddress- <==      Total: 2
2019/04/15-19:46 [http-nio-8090-exec-7] INFO  com.sunxiaoning.xiaoyuanfuwu.api.controller.UserMessage- 请求结束 :success: =>
2019/04/15-19:47 [http-nio-8090-exec-6] INFO  com.sunxiaoning.xiaoyuanfuwu.api.controller.GoodsMessage- ================= 获取购物车列表 =================
2019/04/15-19:47 [http-nio-8090-exec-6] DEBUG com.sunxiaoning.xiaoyuanfuwu.api.dao.GoodsMessageDao.shoppingcartList- ==>  Preparing: select s.*,g.* from xyfw_shoppingcart s left join xyfw_goods g on s.goods_id = g.goods_id where 1=1 and s.user_id = ? 
2019/04/15-19:47 [http-nio-8090-exec-6] DEBUG com.sunxiaoning.xiaoyuanfuwu.api.dao.GoodsMessageDao.shoppingcartList- ==> Parameters: 01d13ccdf04a4d7aa7cd2b518cefb290(String)
2019/04/15-19:47 [http-nio-8090-exec-6] DEBUG com.sunxiaoning.xiaoyuanfuwu.api.dao.GoodsMessageDao.shoppingcartList- <==      Total: 3
2019/04/15-19:47 [http-nio-8090-exec-6] INFO  com.sunxiaoning.xiaoyuanfuwu.api.controller.GoodsMessage- 请求结束 :success: =>
